Using pre-set license
Built from '2020.3/staging' branch; Version is '2020.3.4f1 (0abb6314276a) revision 703331'; Using compiler version '192528614'; Build Type 'Release'
OS: 'Windows 10 Pro; OS build 19042.985; Version 2009; 64bit' Language: 'en' Physical Memory: 8059 MB
BatchMode: 1, IsHumanControllingUs: 0, StartBugReporterOnCrash: 0, Is64bit: 1, IsPro: 0

 COMMAND LINE ARGUMENTS:
C:\Program Files\Unity\Hub\Editor\2020.3.4f1\Editor\Unity.exe
-adb2
-batchMode
-noUpm
-name
AssetImportWorker0
-projectPath
C:/Users/pbriu/Documents/Glitch Garden
-logFile
Logs/AssetImportWorker0.log
-srvPort
50177
Successfully changed project path to: C:/Users/pbriu/Documents/Glitch Garden
C:/Users/pbriu/Documents/Glitch Garden
Using Asset Import Pipeline V2.
Refreshing native plugins compatible for Editor in 41.66 ms, found 1 plugins.
Preloading 0 native plugins for Editor in 0.00 ms.
Initialize engine version: 2020.3.4f1 (0abb6314276a)
[Subsystems] Discovering subsystems at path C:/Program Files/Unity/Hub/Editor/2020.3.4f1/Editor/Data/Resources/UnitySubsystems
[Subsystems] Discovering subsystems at path C:/Users/pbriu/Documents/Glitch Garden/Assets
GfxDevice: creating device client; threaded=0
Direct3D:
    Version:  Direct3D 11.0 [level 11.1]
    Renderer: NVIDIA GeForce RTX 2060 (ID=0x1f15)
    Vendor:   
    VRAM:     5980 MB
    Driver:   27.21.14.5256
Initialize mono
Mono path[0] = 'C:/Program Files/Unity/Hub/Editor/2020.3.4f1/Editor/Data/Managed'
Mono path[1] = 'C:/Program Files/Unity/Hub/Editor/2020.3.4f1/Editor/Data/MonoBleedingEdge/lib/mono/unityjit'
Mono config path = 'C:/Program Files/Unity/Hub/Editor/2020.3.4f1/Editor/Data/MonoBleedingEdge/etc'
Using monoOptions --debugger-agent=transport=dt_socket,embedding=1,server=y,suspend=n,address=127.0.0.1:56272
Begin MonoManager ReloadAssembly
Registering precompiled unity dll's ...
Register platform support module: C:/Program Files/Unity/Hub/Editor/2020.3.4f1/Editor/Data/PlaybackEngines/WebGLSupport/UnityEditor.WebGL.Extensions.dll
Register platform support module: C:/Program Files/Unity/Hub/Editor/2020.3.4f1/Editor/Data/PlaybackEngines/WindowsStandaloneSupport/UnityEditor.WindowsStandalone.Extensions.dll
Registered in 0.001859 seconds.
Native extension for WindowsStandalone target not found
Native extension for WebGL target not found
Refreshing native plugins compatible for Editor in 33.51 ms, found 1 plugins.
Preloading 0 native plugins for Editor in 0.00 ms.
Mono: successfully reloaded assembly
- Completed reload, in  1.216 seconds
Platform modules already initialized, skipping
Registering precompiled user dll's ...
Registered in 0.000819 seconds.
Begin MonoManager ReloadAssembly
Native extension for WindowsStandalone target not found
Native extension for WebGL target not found
Refreshing native plugins compatible for Editor in 45.10 ms, found 1 plugins.
Preloading 0 native plugins for Editor in 0.00 ms.
Mono: successfully reloaded assembly
- Completed reload, in  0.839 seconds
Platform modules already initialized, skipping
========================================================================
Worker process is ready to serve import requests
Launched and connected shader compiler UnityShaderCompiler.exe after 0.03 seconds
Refreshing native plugins compatible for Editor in 0.50 ms, found 1 plugins.
Preloading 0 native plugins for Editor in 0.00 ms.
Unloading 1811 Unused Serialized files (Serialized files now loaded: 0)
System memory in use before: 85.0 MB.
System memory in use after: 84.9 MB.

Unloading 24 unused Assets to reduce memory usage. Loaded Objects now: 2254.
Total: 2.536200 ms (FindLiveObjects: 0.479500 ms CreateObjectMapping: 0.175200 ms MarkObjects: 1.740300 ms  DeleteObjects: 0.139400 ms)

========================================================================
Received Import Request.
  path: Assets/Scripts/Attacker.cs
  artifactKey: Guid(8baf9e1965f347a43abbaebedae72dcb) Importer(815301076,1909f56bfc062723c751e8b465ee728b)
Start importing Assets/Scripts/Attacker.cs using Guid(8baf9e1965f347a43abbaebedae72dcb) Importer(815301076,1909f56bfc062723c751e8b465ee728b)  -> (artifact id: '356e2b72ebe2ad4805d081fea2b1132e') in 0.025628 seconds
  Import took 0.029435 seconds .

========================================================================
Received Import Request.
  Time since last request: 3340.173766 seconds.
  path: Assets/Sprites/Cactus
  artifactKey: Guid(16910399889fc3147986492400e61c90) Importer(815301076,1909f56bfc062723c751e8b465ee728b)
Start importing Assets/Sprites/Cactus using Guid(16910399889fc3147986492400e61c90) Importer(815301076,1909f56bfc062723c751e8b465ee728b)  -> (artifact id: '4c7acde00841e01689fcd1f9198fdf1f') in 0.010438 seconds
  Import took 0.013742 seconds .

========================================================================
Received Import Request.
  Time since last request: 142.134263 seconds.
  path: Assets/Sprites/Cactus/Cactus Idle.png
  artifactKey: Guid(f43bf94962ac668429a34d74f21926f0) Importer(815301076,1909f56bfc062723c751e8b465ee728b)
Start importing Assets/Sprites/Cactus/Cactus Idle.png using Guid(f43bf94962ac668429a34d74f21926f0) Importer(815301076,1909f56bfc062723c751e8b465ee728b)  -> (artifact id: '04fedb401253322b7e2eb9e8fa4bcff0') in 0.097884 seconds
  Import took 0.100742 seconds .

========================================================================
Received Import Request.
  Time since last request: 53.504572 seconds.
  path: Assets/Sprites/Cactus/Cactus Idle.png
  artifactKey: Guid(f43bf94962ac668429a34d74f21926f0) Importer(815301076,1909f56bfc062723c751e8b465ee728b)
Start importing Assets/Sprites/Cactus/Cactus Idle.png using Guid(f43bf94962ac668429a34d74f21926f0) Importer(815301076,1909f56bfc062723c751e8b465ee728b)  -> (artifact id: '18ebdd5c671e3eff59c9de242aa34457') in 0.160765 seconds
  Import took 0.164156 seconds .

========================================================================
Received Import Request.
  Time since last request: 23.461354 seconds.
  path: Assets/Sprites/Cactus/Cactus.controller
  artifactKey: Guid(344e62e6225effe4092f204394c996fb) Importer(815301076,1909f56bfc062723c751e8b465ee728b)
Start importing Assets/Sprites/Cactus/Cactus.controller using Guid(344e62e6225effe4092f204394c996fb) Importer(815301076,1909f56bfc062723c751e8b465ee728b)  -> (artifact id: '7e77e1e9a02a19baac6525a0d2f96bdc') in 0.007634 seconds
  Import took 0.010673 seconds .

========================================================================
Received Import Request.
  Time since last request: 20.931020 seconds.
  path: Assets/Animations/Lizard Jump.anim
  artifactKey: Guid(73f5d23b516daba4e8215efd715a3571) Importer(815301076,1909f56bfc062723c751e8b465ee728b)
Start importing Assets/Animations/Lizard Jump.anim using Guid(73f5d23b516daba4e8215efd715a3571) Importer(815301076,1909f56bfc062723c751e8b465ee728b)  -> (artifact id: '58543da54937cfaf772083cd9ccd3dee') in 0.008848 seconds
  Import took 0.011997 seconds .

========================================================================
Received Import Request.
  Time since last request: 0.002913 seconds.
  path: Assets/Animations/Lizard Jump.anim
  artifactKey: Guid(73f5d23b516daba4e8215efd715a3571) Importer(815301076,1909f56bfc062723c751e8b465ee728b)
Start importing Assets/Animations/Lizard Jump.anim using Guid(73f5d23b516daba4e8215efd715a3571) Importer(815301076,1909f56bfc062723c751e8b465ee728b)  -> (artifact id: '58543da54937cfaf772083cd9ccd3dee') in 0.002108 seconds
  Import took 0.005283 seconds .

========================================================================
Received Import Request.
  Time since last request: 15.131471 seconds.
  path: Assets/Animations/Cactus Idle.anim
  artifactKey: Guid(909d2056926f6004fbf188694c8e3e50) Importer(815301076,1909f56bfc062723c751e8b465ee728b)
Start importing Assets/Animations/Cactus Idle.anim using Guid(909d2056926f6004fbf188694c8e3e50) Importer(815301076,1909f56bfc062723c751e8b465ee728b)  -> (artifact id: '9997d627b9359efc64c5da72d58693d1') in 0.002202 seconds
  Import took 0.004806 seconds .

========================================================================
Received Import Request.
  Time since last request: 52.676978 seconds.
  path: Assets/Animations/Cactus Idle.anim
  artifactKey: Guid(909d2056926f6004fbf188694c8e3e50) Importer(815301076,1909f56bfc062723c751e8b465ee728b)
Start importing Assets/Animations/Cactus Idle.anim using Guid(909d2056926f6004fbf188694c8e3e50) Importer(815301076,1909f56bfc062723c751e8b465ee728b)  -> (artifact id: '13b2064bedc1d7cd8635bb437c7e9552') in 0.002485 seconds
  Import took 0.005456 seconds .

========================================================================
Received Import Request.
  Time since last request: 0.854854 seconds.
  path: Assets/Animations/Cactus.controller
  artifactKey: Guid(344e62e6225effe4092f204394c996fb) Importer(815301076,1909f56bfc062723c751e8b465ee728b)
Start importing Assets/Animations/Cactus.controller using Guid(344e62e6225effe4092f204394c996fb) Importer(815301076,1909f56bfc062723c751e8b465ee728b)  -> (artifact id: '1de1b0fd7c407705434e962922a53d38') in 0.002783 seconds
  Import took 0.005518 seconds .

========================================================================
Received Import Request.
  Time since last request: 159.115041 seconds.
  path: Assets/Sprites/Cactus/Cactus Looping.png
  artifactKey: Guid(4d51ac7437b829747aea58597b0d6f15) Importer(815301076,1909f56bfc062723c751e8b465ee728b)
Start importing Assets/Sprites/Cactus/Cactus Looping.png using Guid(4d51ac7437b829747aea58597b0d6f15) Importer(815301076,1909f56bfc062723c751e8b465ee728b)  -> (artifact id: '6595a8be76dab389f0b6d9c1f7848836') in 0.028606 seconds
  Import took 0.032037 seconds .

========================================================================
Received Import Request.
  Time since last request: 40.057246 seconds.
  path: Assets/Sprites/Cactus/Cactus Looping.png
  artifactKey: Guid(4d51ac7437b829747aea58597b0d6f15) Importer(815301076,1909f56bfc062723c751e8b465ee728b)
Start importing Assets/Sprites/Cactus/Cactus Looping.png using Guid(4d51ac7437b829747aea58597b0d6f15) Importer(815301076,1909f56bfc062723c751e8b465ee728b)  -> (artifact id: '615f3915fcf40f0c49d8503853b41618') in 0.138884 seconds
  Import took 0.142029 seconds .

========================================================================
Received Import Request.
  Time since last request: 60.845121 seconds.
  path: Assets/Sprites/Cactus/Cactus Idle.anim
  artifactKey: Guid(563dedf495275c94d80b7db5bb69c1b9) Importer(815301076,1909f56bfc062723c751e8b465ee728b)
Start importing Assets/Sprites/Cactus/Cactus Idle.anim using Guid(563dedf495275c94d80b7db5bb69c1b9) Importer(815301076,1909f56bfc062723c751e8b465ee728b)  -> (artifact id: 'f2cf8e18d01a92ee8835474521327cf7') in 0.002648 seconds
  Import took 0.006611 seconds .

========================================================================
Received Import Request.
  Time since last request: 74.710299 seconds.
  path: Assets/Sprites/Cactus/Cactus Attack.anim
  artifactKey: Guid(ba537b724f9e177408c9dca2165423d0) Importer(815301076,1909f56bfc062723c751e8b465ee728b)
Start importing Assets/Sprites/Cactus/Cactus Attack.anim using Guid(ba537b724f9e177408c9dca2165423d0) Importer(815301076,1909f56bfc062723c751e8b465ee728b)  -> (artifact id: 'cedf5c0f2b7e21d2c51fb81e17d449e7') in 0.039321 seconds
  Import took 0.042993 seconds .

========================================================================
Received Import Request.
  Time since last request: 17.733570 seconds.
  path: Assets/Animations/Attackers
  artifactKey: Guid(ac5baab5353f18e48a7c7acc0a5da884) Importer(815301076,1909f56bfc062723c751e8b465ee728b)
Start importing Assets/Animations/Attackers using Guid(ac5baab5353f18e48a7c7acc0a5da884) Importer(815301076,1909f56bfc062723c751e8b465ee728b)  -> (artifact id: '02a84f6c4f0fc217cf63cbbf2bbebd5f') in 0.007746 seconds
  Import took 0.011811 seconds .

========================================================================
Received Import Request.
  Time since last request: 26.380449 seconds.
  path: Assets/Animations/Defenders
  artifactKey: Guid(26f62fdf1cbacf2459837e2602583cbf) Importer(815301076,1909f56bfc062723c751e8b465ee728b)
Start importing Assets/Animations/Defenders using Guid(26f62fdf1cbacf2459837e2602583cbf) Importer(815301076,1909f56bfc062723c751e8b465ee728b)  -> (artifact id: 'd01ffe2d555b4aeff19ae840e90e5d28') in 0.007687 seconds
  Import took 0.011394 seconds .

========================================================================
Received Import Request.
  Time since last request: 2.924549 seconds.
  path: Assets/Animations/Trophy.controller
  artifactKey: Guid(84decac3ff17f3544a6c61da96a2e0ae) Importer(815301076,1909f56bfc062723c751e8b465ee728b)
Start importing Assets/Animations/Trophy.controller using Guid(84decac3ff17f3544a6c61da96a2e0ae) Importer(815301076,1909f56bfc062723c751e8b465ee728b)  -> (artifact id: 'eae4f66009547f4e5f671fedd9c57dfb') in 0.018106 seconds
  Import took 0.021365 seconds .

========================================================================
Received Prepare
Registering precompiled user dll's ...
Registered in 0.000781 seconds.
Begin MonoManager ReloadAssembly
Native extension for WindowsStandalone target not found
Native extension for WebGL target not found
Refreshing native plugins compatible for Editor in 0.32 ms, found 1 plugins.
Preloading 0 native plugins for Editor in 0.00 ms.
Mono: successfully reloaded assembly
- Completed reload, in  0.669 seconds
Platform modules already initialized, skipping
Refreshing native plugins compatible for Editor in 0.32 ms, found 1 plugins.
Preloading 0 native plugins for Editor in 0.00 ms.
Unloading 1806 Unused Serialized files (Serialized files now loaded: 0)
System memory in use before: 88.0 MB.
System memory in use after: 88.0 MB.

Unloading 12 unused Assets to reduce memory usage. Loaded Objects now: 2266.
Total: 1.692100 ms (FindLiveObjects: 0.168000 ms CreateObjectMapping: 0.055300 ms MarkObjects: 1.389700 ms  DeleteObjects: 0.078500 ms)

========================================================================
Received Prepare
Registering precompiled user dll's ...
Registered in 0.000657 seconds.
Begin MonoManager ReloadAssembly
Native extension for WindowsStandalone target not found
Native extension for WebGL target not found
Refreshing native plugins compatible for Editor in 0.34 ms, found 1 plugins.
Preloading 0 native plugins for Editor in 0.00 ms.
Mono: successfully reloaded assembly
- Completed reload, in  0.646 seconds
Platform modules already initialized, skipping
Refreshing native plugins compatible for Editor in 0.32 ms, found 1 plugins.
Preloading 0 native plugins for Editor in 0.00 ms.
Unloading 1806 Unused Serialized files (Serialized files now loaded: 0)
System memory in use before: 88.1 MB.
System memory in use after: 88.0 MB.

Unloading 12 unused Assets to reduce memory usage. Loaded Objects now: 2270.
Total: 3.101700 ms (FindLiveObjects: 0.853400 ms CreateObjectMapping: 0.064400 ms MarkObjects: 2.043100 ms  DeleteObjects: 0.139900 ms)

========================================================================
Received Prepare
Registering precompiled user dll's ...
Registered in 0.000685 seconds.
Begin MonoManager ReloadAssembly
Native extension for WindowsStandalone target not found
Native extension for WebGL target not found
Refreshing native plugins compatible for Editor in 0.62 ms, found 1 plugins.
Preloading 0 native plugins for Editor in 0.00 ms.
Mono: successfully reloaded assembly
- Completed reload, in  0.649 seconds
Platform modules already initialized, skipping
Refreshing native plugins compatible for Editor in 0.32 ms, found 1 plugins.
Preloading 0 native plugins for Editor in 0.00 ms.
Unloading 1806 Unused Serialized files (Serialized files now loaded: 0)
System memory in use before: 88.1 MB.
System memory in use after: 88.1 MB.

Unloading 12 unused Assets to reduce memory usage. Loaded Objects now: 2274.
Total: 1.987500 ms (FindLiveObjects: 0.220000 ms CreateObjectMapping: 0.069800 ms MarkObjects: 1.546500 ms  DeleteObjects: 0.150500 ms)

========================================================================
Received Prepare
Registering precompiled user dll's ...
Registered in 0.000629 seconds.
Begin MonoManager ReloadAssembly
Native extension for WindowsStandalone target not found
Native extension for WebGL target not found
Refreshing native plugins compatible for Editor in 0.31 ms, found 1 plugins.
Preloading 0 native plugins for Editor in 0.00 ms.
Mono: successfully reloaded assembly
- Completed reload, in  0.650 seconds
Platform modules already initialized, skipping
Refreshing native plugins compatible for Editor in 0.44 ms, found 1 plugins.
Preloading 0 native plugins for Editor in 0.00 ms.
Unloading 1806 Unused Serialized files (Serialized files now loaded: 0)
System memory in use before: 88.1 MB.
System memory in use after: 88.1 MB.

Unloading 12 unused Assets to reduce memory usage. Loaded Objects now: 2278.
Total: 2.221300 ms (FindLiveObjects: 0.236300 ms CreateObjectMapping: 0.072100 ms MarkObjects: 1.807400 ms  DeleteObjects: 0.104500 ms)

========================================================================
Received Prepare
Registering precompiled user dll's ...
Registered in 0.001028 seconds.
Begin MonoManager ReloadAssembly
Native extension for WindowsStandalone target not found
Native extension for WebGL target not found
Refreshing native plugins compatible for Editor in 0.31 ms, found 1 plugins.
Preloading 0 native plugins for Editor in 0.00 ms.
Mono: successfully reloaded assembly
- Completed reload, in  0.631 seconds
Platform modules already initialized, skipping
Refreshing native plugins compatible for Editor in 0.31 ms, found 1 plugins.
Preloading 0 native plugins for Editor in 0.00 ms.
Unloading 1806 Unused Serialized files (Serialized files now loaded: 0)
System memory in use before: 88.2 MB.
System memory in use after: 88.1 MB.

Unloading 12 unused Assets to reduce memory usage. Loaded Objects now: 2282.
Total: 1.865300 ms (FindLiveObjects: 0.184900 ms CreateObjectMapping: 0.053500 ms MarkObjects: 1.505100 ms  DeleteObjects: 0.121200 ms)

========================================================================
Received Import Request.
  Time since last request: 523.283476 seconds.
  path: Assets/Animations/Defenders/Cactus Attack.anim
  artifactKey: Guid(ba537b724f9e177408c9dca2165423d0) Importer(815301076,1909f56bfc062723c751e8b465ee728b)
Start importing Assets/Animations/Defenders/Cactus Attack.anim using Guid(ba537b724f9e177408c9dca2165423d0) Importer(815301076,1909f56bfc062723c751e8b465ee728b)  -> (artifact id: '6973e098807826d0d723ae0357931c4d') in 0.021183 seconds
  Import took 0.024098 seconds .

========================================================================
Received Prepare
Registering precompiled user dll's ...
Registered in 0.000863 seconds.
Begin MonoManager ReloadAssembly
Native extension for WindowsStandalone target not found
Native extension for WebGL target not found
Refreshing native plugins compatible for Editor in 0.33 ms, found 1 plugins.
Preloading 0 native plugins for Editor in 0.00 ms.
Mono: successfully reloaded assembly
- Completed reload, in  0.657 seconds
Platform modules already initialized, skipping
Refreshing native plugins compatible for Editor in 0.31 ms, found 1 plugins.
Preloading 0 native plugins for Editor in 0.00 ms.
Unloading 1806 Unused Serialized files (Serialized files now loaded: 0)
System memory in use before: 88.2 MB.
System memory in use after: 88.1 MB.

Unloading 12 unused Assets to reduce memory usage. Loaded Objects now: 2286.
Total: 1.750000 ms (FindLiveObjects: 0.198100 ms CreateObjectMapping: 0.073200 ms MarkObjects: 1.385900 ms  DeleteObjects: 0.092100 ms)

========================================================================
Received Import Request.
  Time since last request: 423.468044 seconds.
  path: Assets/Prefabs/Cactus.prefab
  artifactKey: Guid(cf73410e5dad21e4f9e4aba2801214da) Importer(815301076,1909f56bfc062723c751e8b465ee728b)
Start importing Assets/Prefabs/Cactus.prefab using Guid(cf73410e5dad21e4f9e4aba2801214da) Importer(815301076,1909f56bfc062723c751e8b465ee728b)  -> (artifact id: 'a315d871e90bd9c3c101525affcf0030') in 0.067900 seconds
  Import took 0.071164 seconds .

========================================================================
Received Import Request.
  Time since last request: 0.000419 seconds.
  path: Assets/Prefabs/Cactus.prefab
  artifactKey: Guid(cf73410e5dad21e4f9e4aba2801214da) Importer(815301076,1909f56bfc062723c751e8b465ee728b)
Start importing Assets/Prefabs/Cactus.prefab using Guid(cf73410e5dad21e4f9e4aba2801214da) Importer(815301076,1909f56bfc062723c751e8b465ee728b)  -> (artifact id: 'a315d871e90bd9c3c101525affcf0030') in 0.021869 seconds
  Import took 0.026660 seconds .

========================================================================
Received Import Request.
  Time since last request: 386.882131 seconds.
  path: Assets/Animations/Defenders/Cactus Attack.anim
  artifactKey: Guid(ba537b724f9e177408c9dca2165423d0) Importer(815301076,1909f56bfc062723c751e8b465ee728b)
Start importing Assets/Animations/Defenders/Cactus Attack.anim using Guid(ba537b724f9e177408c9dca2165423d0) Importer(815301076,1909f56bfc062723c751e8b465ee728b)  -> (artifact id: '96256d7d27e3bd1abbc60b69a8c808df') in 0.003034 seconds
  Import took 0.007476 seconds .

========================================================================
Received Import Request.
  Time since last request: 53.717708 seconds.
  path: Assets/Scripts/Shooter.cs
  artifactKey: Guid(fb665113ffdcfcc418ec75046110d8f0) Importer(815301076,1909f56bfc062723c751e8b465ee728b)
Start importing Assets/Scripts/Shooter.cs using Guid(fb665113ffdcfcc418ec75046110d8f0) Importer(815301076,1909f56bfc062723c751e8b465ee728b)  -> (artifact id: '9bc11eeee873ef368f9aa4c137b57b46') in 0.008651 seconds
  Import took 0.013100 seconds .

========================================================================
Received Prepare
Registering precompiled user dll's ...
Registered in 0.000634 seconds.
Begin MonoManager ReloadAssembly
Native extension for WindowsStandalone target not found
Native extension for WebGL target not found
Refreshing native plugins compatible for Editor in 0.31 ms, found 1 plugins.
Preloading 0 native plugins for Editor in 0.00 ms.
Mono: successfully reloaded assembly
- Completed reload, in  0.690 seconds
Platform modules already initialized, skipping
Refreshing native plugins compatible for Editor in 0.32 ms, found 1 plugins.
Preloading 0 native plugins for Editor in 0.00 ms.
Unloading 1807 Unused Serialized files (Serialized files now loaded: 0)
System memory in use before: 88.2 MB.
System memory in use after: 88.2 MB.

Unloading 12 unused Assets to reduce memory usage. Loaded Objects now: 2296.
Total: 5.121200 ms (FindLiveObjects: 0.441000 ms CreateObjectMapping: 0.224400 ms MarkObjects: 4.370900 ms  DeleteObjects: 0.083400 ms)

========================================================================
Received Prepare
Registering precompiled user dll's ...
Registered in 0.000901 seconds.
Begin MonoManager ReloadAssembly
Native extension for WindowsStandalone target not found
Native extension for WebGL target not found
Refreshing native plugins compatible for Editor in 0.31 ms, found 1 plugins.
Preloading 0 native plugins for Editor in 0.00 ms.
Mono: successfully reloaded assembly
- Completed reload, in  0.665 seconds
Platform modules already initialized, skipping
Refreshing native plugins compatible for Editor in 0.30 ms, found 1 plugins.
Preloading 0 native plugins for Editor in 0.00 ms.
Unloading 1807 Unused Serialized files (Serialized files now loaded: 0)
System memory in use before: 88.3 MB.
System memory in use after: 88.2 MB.

Unloading 12 unused Assets to reduce memory usage. Loaded Objects now: 2300.
Total: 2.454000 ms (FindLiveObjects: 0.375800 ms CreateObjectMapping: 0.085300 ms MarkObjects: 1.777500 ms  DeleteObjects: 0.214500 ms)

========================================================================
Received Import Request.
  Time since last request: 54.919226 seconds.
  path: Assets/Scripts/Shooter.cs
  artifactKey: Guid(fb665113ffdcfcc418ec75046110d8f0) Importer(815301076,1909f56bfc062723c751e8b465ee728b)
Start importing Assets/Scripts/Shooter.cs using Guid(fb665113ffdcfcc418ec75046110d8f0) Importer(815301076,1909f56bfc062723c751e8b465ee728b)  -> (artifact id: 'd4fe2865cfa0a34b5de0219dfcbd2134') in 0.003853 seconds
  Import took 0.006667 seconds .

========================================================================
Received Import Request.
  Time since last request: 245.901047 seconds.
  path: Assets/Prefabs/Zucchini.prefab
  artifactKey: Guid(75bcfa7ae4131e240aeecfef2ef1076d) Importer(815301076,1909f56bfc062723c751e8b465ee728b)
Start importing Assets/Prefabs/Zucchini.prefab using Guid(75bcfa7ae4131e240aeecfef2ef1076d) Importer(815301076,1909f56bfc062723c751e8b465ee728b)  -> (artifact id: '10d150f1fbfc2d835cd57e2fb7e344ed') in 0.061768 seconds
  Import took 0.064525 seconds .

========================================================================
Received Prepare
Registering precompiled user dll's ...
Registered in 0.000702 seconds.
Begin MonoManager ReloadAssembly
Native extension for WindowsStandalone target not found
Native extension for WebGL target not found
Refreshing native plugins compatible for Editor in 0.31 ms, found 1 plugins.
Preloading 0 native plugins for Editor in 0.00 ms.
Mono: successfully reloaded assembly
- Completed reload, in  0.670 seconds
Platform modules already initialized, skipping
Refreshing native plugins compatible for Editor in 0.32 ms, found 1 plugins.
Preloading 0 native plugins for Editor in 0.00 ms.
Unloading 1807 Unused Serialized files (Serialized files now loaded: 0)
System memory in use before: 88.3 MB.
System memory in use after: 88.2 MB.

Unloading 12 unused Assets to reduce memory usage. Loaded Objects now: 2305.
Total: 2.232300 ms (FindLiveObjects: 0.309600 ms CreateObjectMapping: 0.066600 ms MarkObjects: 1.662100 ms  DeleteObjects: 0.193500 ms)

========================================================================
Received Prepare
Registering precompiled user dll's ...
Registered in 0.001031 seconds.
Begin MonoManager ReloadAssembly
Native extension for WindowsStandalone target not found
Native extension for WebGL target not found
Refreshing native plugins compatible for Editor in 0.35 ms, found 1 plugins.
Preloading 0 native plugins for Editor in 0.00 ms.
Mono: successfully reloaded assembly
- Completed reload, in  0.654 seconds
Platform modules already initialized, skipping
Refreshing native plugins compatible for Editor in 0.31 ms, found 1 plugins.
Preloading 0 native plugins for Editor in 0.00 ms.
Unloading 1807 Unused Serialized files (Serialized files now loaded: 0)
System memory in use before: 88.3 MB.
System memory in use after: 88.3 MB.

Unloading 12 unused Assets to reduce memory usage. Loaded Objects now: 2309.
Total: 5.446100 ms (FindLiveObjects: 0.490500 ms CreateObjectMapping: 0.242900 ms MarkObjects: 4.420300 ms  DeleteObjects: 0.290100 ms)

========================================================================
Received Prepare
Registering precompiled user dll's ...
Registered in 0.000765 seconds.
Begin MonoManager ReloadAssembly
Native extension for WindowsStandalone target not found
Native extension for WebGL target not found
Refreshing native plugins compatible for Editor in 0.32 ms, found 1 plugins.
Preloading 0 native plugins for Editor in 0.00 ms.
Mono: successfully reloaded assembly
- Completed reload, in  0.723 seconds
Platform modules already initialized, skipping
Refreshing native plugins compatible for Editor in 0.35 ms, found 1 plugins.
Preloading 0 native plugins for Editor in 0.00 ms.
Unloading 1807 Unused Serialized files (Serialized files now loaded: 0)
System memory in use before: 88.3 MB.
System memory in use after: 88.3 MB.

Unloading 12 unused Assets to reduce memory usage. Loaded Objects now: 2313.
Total: 2.598300 ms (FindLiveObjects: 0.459300 ms CreateObjectMapping: 0.106900 ms MarkObjects: 1.886500 ms  DeleteObjects: 0.145000 ms)

========================================================================
Received Prepare
Registering precompiled user dll's ...
Registered in 0.000692 seconds.
Begin MonoManager ReloadAssembly
Native extension for WindowsStandalone target not found
Native extension for WebGL target not found
Refreshing native plugins compatible for Editor in 0.31 ms, found 1 plugins.
Preloading 0 native plugins for Editor in 0.00 ms.
Mono: successfully reloaded assembly
- Completed reload, in  0.641 seconds
Platform modules already initialized, skipping
Refreshing native plugins compatible for Editor in 0.35 ms, found 1 plugins.
Preloading 0 native plugins for Editor in 0.00 ms.
Unloading 1807 Unused Serialized files (Serialized files now loaded: 0)
System memory in use before: 88.3 MB.
System memory in use after: 88.3 MB.

Unloading 12 unused Assets to reduce memory usage. Loaded Objects now: 2317.
Total: 6.385300 ms (FindLiveObjects: 0.509400 ms CreateObjectMapping: 0.271100 ms MarkObjects: 5.285300 ms  DeleteObjects: 0.317200 ms)

========================================================================
Received Import Request.
  Time since last request: 775.412991 seconds.
  path: Assets/Scripts/Projectile.cs
  artifactKey: Guid(d093178ce8ddaa24b9d969ebb0bb4572) Importer(815301076,1909f56bfc062723c751e8b465ee728b)
Start importing Assets/Scripts/Projectile.cs using Guid(d093178ce8ddaa24b9d969ebb0bb4572) Importer(815301076,1909f56bfc062723c751e8b465ee728b)  -> (artifact id: '6aae707c41f323411164ee55d0280ac2') in 0.012786 seconds
  Import took 0.015740 seconds .

========================================================================
Received Prepare
Registering precompiled user dll's ...
Registered in 0.000739 seconds.
Begin MonoManager ReloadAssembly
Native extension for WindowsStandalone target not found
Native extension for WebGL target not found
Refreshing native plugins compatible for Editor in 0.31 ms, found 1 plugins.
Preloading 0 native plugins for Editor in 0.00 ms.
Mono: successfully reloaded assembly
- Completed reload, in  0.699 seconds
Platform modules already initialized, skipping
Refreshing native plugins compatible for Editor in 0.31 ms, found 1 plugins.
Preloading 0 native plugins for Editor in 0.00 ms.
Unloading 1808 Unused Serialized files (Serialized files now loaded: 0)
System memory in use before: 88.3 MB.
System memory in use after: 88.3 MB.

Unloading 12 unused Assets to reduce memory usage. Loaded Objects now: 2322.
Total: 2.254500 ms (FindLiveObjects: 0.345100 ms CreateObjectMapping: 0.143100 ms MarkObjects: 1.662800 ms  DeleteObjects: 0.102600 ms)

========================================================================
Received Prepare
Registering precompiled user dll's ...
Registered in 0.001322 seconds.
Begin MonoManager ReloadAssembly
Native extension for WindowsStandalone target not found
Native extension for WebGL target not found
Refreshing native plugins compatible for Editor in 0.32 ms, found 1 plugins.
Preloading 0 native plugins for Editor in 0.00 ms.
Mono: successfully reloaded assembly
- Completed reload, in  0.717 seconds
Platform modules already initialized, skipping
Refreshing native plugins compatible for Editor in 0.37 ms, found 1 plugins.
Preloading 0 native plugins for Editor in 0.00 ms.
Unloading 1808 Unused Serialized files (Serialized files now loaded: 0)
System memory in use before: 88.3 MB.
System memory in use after: 88.3 MB.

Unloading 12 unused Assets to reduce memory usage. Loaded Objects now: 2326.
Total: 5.442400 ms (FindLiveObjects: 0.507200 ms CreateObjectMapping: 0.231200 ms MarkObjects: 4.451600 ms  DeleteObjects: 0.250400 ms)

========================================================================
Received Import Request.
  Time since last request: 301.929325 seconds.
  path: Assets/Scripts/Projectile.cs
  artifactKey: Guid(d093178ce8ddaa24b9d969ebb0bb4572) Importer(815301076,1909f56bfc062723c751e8b465ee728b)
Start importing Assets/Scripts/Projectile.cs using Guid(d093178ce8ddaa24b9d969ebb0bb4572) Importer(815301076,1909f56bfc062723c751e8b465ee728b)  -> (artifact id: 'b2c3928e091515ceaf39f3d9ba808299') in 0.004900 seconds
  Import took 0.008037 seconds .

========================================================================
Received Import Request.
  Time since last request: 0.001728 seconds.
  path: Assets/Scripts/Projectile.cs
  artifactKey: Guid(d093178ce8ddaa24b9d969ebb0bb4572) Importer(815301076,1909f56bfc062723c751e8b465ee728b)
Start importing Assets/Scripts/Projectile.cs using Guid(d093178ce8ddaa24b9d969ebb0bb4572) Importer(815301076,1909f56bfc062723c751e8b465ee728b)  -> (artifact id: 'b2c3928e091515ceaf39f3d9ba808299') in 0.001998 seconds
  Import took 0.006755 seconds .

========================================================================
Received Prepare
Registering precompiled user dll's ...
Registered in 0.000726 seconds.
Begin MonoManager ReloadAssembly
Native extension for WindowsStandalone target not found
Native extension for WebGL target not found
Refreshing native plugins compatible for Editor in 0.31 ms, found 1 plugins.
Preloading 0 native plugins for Editor in 0.00 ms.
Mono: successfully reloaded assembly
- Completed reload, in  0.697 seconds
Platform modules already initialized, skipping
Refreshing native plugins compatible for Editor in 0.31 ms, found 1 plugins.
Preloading 0 native plugins for Editor in 0.00 ms.
Unloading 1808 Unused Serialized files (Serialized files now loaded: 0)
System memory in use before: 88.3 MB.
System memory in use after: 88.3 MB.

Unloading 12 unused Assets to reduce memory usage. Loaded Objects now: 2330.
Total: 5.044900 ms (FindLiveObjects: 0.386500 ms CreateObjectMapping: 0.202800 ms MarkObjects: 4.203900 ms  DeleteObjects: 0.248800 ms)

========================================================================
Received Import Request.
  Time since last request: 63.328007 seconds.
  path: Assets/Scripts/Projectile.cs
  artifactKey: Guid(d093178ce8ddaa24b9d969ebb0bb4572) Importer(815301076,1909f56bfc062723c751e8b465ee728b)
Start importing Assets/Scripts/Projectile.cs using Guid(d093178ce8ddaa24b9d969ebb0bb4572) Importer(815301076,1909f56bfc062723c751e8b465ee728b)  -> (artifact id: 'e329c50668cc46bc2ae8d5608b645df3') in 0.004764 seconds
  Import took 0.007552 seconds .

========================================================================
Received Import Request.
  Time since last request: 0.001844 seconds.
  path: Assets/Scripts/Projectile.cs
  artifactKey: Guid(d093178ce8ddaa24b9d969ebb0bb4572) Importer(815301076,1909f56bfc062723c751e8b465ee728b)
Start importing Assets/Scripts/Projectile.cs using Guid(d093178ce8ddaa24b9d969ebb0bb4572) Importer(815301076,1909f56bfc062723c751e8b465ee728b)  -> (artifact id: 'e329c50668cc46bc2ae8d5608b645df3') in 0.002243 seconds
  Import took 0.005895 seconds .

========================================================================
Received Prepare
Registering precompiled user dll's ...
Registered in 0.000780 seconds.
Begin MonoManager ReloadAssembly
Native extension for WindowsStandalone target not found
Native extension for WebGL target not found
Refreshing native plugins compatible for Editor in 0.35 ms, found 1 plugins.
Preloading 0 native plugins for Editor in 0.00 ms.
Mono: successfully reloaded assembly
- Completed reload, in  0.721 seconds
Platform modules already initialized, skipping
Refreshing native plugins compatible for Editor in 0.32 ms, found 1 plugins.
Preloading 0 native plugins for Editor in 0.00 ms.
Unloading 1808 Unused Serialized files (Serialized files now loaded: 0)
System memory in use before: 88.3 MB.
System memory in use after: 88.3 MB.

Unloading 12 unused Assets to reduce memory usage. Loaded Objects now: 2334.
Total: 4.927700 ms (FindLiveObjects: 0.400100 ms CreateObjectMapping: 0.208600 ms MarkObjects: 4.077600 ms  DeleteObjects: 0.239400 ms)

========================================================================
Received Import Request.
  Time since last request: 129.962477 seconds.
  path: Assets/Scripts/Projectile.cs
  artifactKey: Guid(d093178ce8ddaa24b9d969ebb0bb4572) Importer(815301076,1909f56bfc062723c751e8b465ee728b)
Start importing Assets/Scripts/Projectile.cs using Guid(d093178ce8ddaa24b9d969ebb0bb4572) Importer(815301076,1909f56bfc062723c751e8b465ee728b)  -> (artifact id: '346baf5b5eac39dd0f510c1ee40cd487') in 0.004718 seconds
  Import took 0.007726 seconds .

========================================================================
Received Import Request.
  Time since last request: 0.001901 seconds.
  path: Assets/Scripts/Projectile.cs
  artifactKey: Guid(d093178ce8ddaa24b9d969ebb0bb4572) Importer(815301076,1909f56bfc062723c751e8b465ee728b)
Start importing Assets/Scripts/Projectile.cs using Guid(d093178ce8ddaa24b9d969ebb0bb4572) Importer(815301076,1909f56bfc062723c751e8b465ee728b)  -> (artifact id: '346baf5b5eac39dd0f510c1ee40cd487') in 0.002136 seconds
  Import took 0.006135 seconds .

========================================================================
Received Prepare
Registering precompiled user dll's ...
Registered in 0.000677 seconds.
Begin MonoManager ReloadAssembly
Native extension for WindowsStandalone target not found
Native extension for WebGL target not found
Refreshing native plugins compatible for Editor in 0.31 ms, found 1 plugins.
Preloading 0 native plugins for Editor in 0.00 ms.
Mono: successfully reloaded assembly
- Completed reload, in  0.636 seconds
Platform modules already initialized, skipping
Refreshing native plugins compatible for Editor in 0.31 ms, found 1 plugins.
Preloading 0 native plugins for Editor in 0.00 ms.
Unloading 1808 Unused Serialized files (Serialized files now loaded: 0)
System memory in use before: 88.4 MB.
System memory in use after: 88.3 MB.

Unloading 12 unused Assets to reduce memory usage. Loaded Objects now: 2338.
Total: 2.822400 ms (FindLiveObjects: 0.352900 ms CreateObjectMapping: 0.058700 ms MarkObjects: 2.223800 ms  DeleteObjects: 0.186400 ms)

========================================================================
Received Import Request.
  Time since last request: 20.051292 seconds.
  path: Assets/Prefabs/Zucchini.prefab
  artifactKey: Guid(75bcfa7ae4131e240aeecfef2ef1076d) Importer(815301076,1909f56bfc062723c751e8b465ee728b)
Start importing Assets/Prefabs/Zucchini.prefab using Guid(75bcfa7ae4131e240aeecfef2ef1076d) Importer(815301076,1909f56bfc062723c751e8b465ee728b)  -> (artifact id: '96c0797f2725d0d8775eafc5cef64140') in 0.047806 seconds
  Import took 0.051752 seconds .

========================================================================
Received Import Request.
  Time since last request: 0.026665 seconds.
  path: Assets/Prefabs/Zucchini.prefab
  artifactKey: Guid(75bcfa7ae4131e240aeecfef2ef1076d) Importer(815301076,1909f56bfc062723c751e8b465ee728b)
Start importing Assets/Prefabs/Zucchini.prefab using Guid(75bcfa7ae4131e240aeecfef2ef1076d) Importer(815301076,1909f56bfc062723c751e8b465ee728b)  -> (artifact id: '96c0797f2725d0d8775eafc5cef64140') in 0.007593 seconds
  Import took 0.011348 seconds .

========================================================================
Received Import Request.
  Time since last request: 4.328766 seconds.
  path: Assets/Prefabs/Zucchini.prefab
  artifactKey: Guid(75bcfa7ae4131e240aeecfef2ef1076d) Importer(815301076,1909f56bfc062723c751e8b465ee728b)
Start importing Assets/Prefabs/Zucchini.prefab using Guid(75bcfa7ae4131e240aeecfef2ef1076d) Importer(815301076,1909f56bfc062723c751e8b465ee728b)  -> (artifact id: 'd3fce239db18106badddb2f227f12047') in 0.011085 seconds
  Import took 0.014377 seconds .

========================================================================
Received Prepare
Registering precompiled user dll's ...
Registered in 0.000726 seconds.
Begin MonoManager ReloadAssembly
Native extension for WindowsStandalone target not found
Native extension for WebGL target not found
Refreshing native plugins compatible for Editor in 0.41 ms, found 1 plugins.
Preloading 0 native plugins for Editor in 0.00 ms.
Mono: successfully reloaded assembly
- Completed reload, in  0.736 seconds
Platform modules already initialized, skipping
Refreshing native plugins compatible for Editor in 0.33 ms, found 1 plugins.
Preloading 0 native plugins for Editor in 0.00 ms.
Unloading 1808 Unused Serialized files (Serialized files now loaded: 0)
System memory in use before: 88.4 MB.
System memory in use after: 88.3 MB.

Unloading 12 unused Assets to reduce memory usage. Loaded Objects now: 2343.
Total: 1.983800 ms (FindLiveObjects: 0.250800 ms CreateObjectMapping: 0.070500 ms MarkObjects: 1.525900 ms  DeleteObjects: 0.135800 ms)

AssetImportWorkerClient::OnTransportError - code=2 error=End of file
