Using pre-set license
Built from '2020.3/staging' branch; Version is '2020.3.4f1 (0abb6314276a) revision 703331'; Using compiler version '192528614'; Build Type 'Release'
OS: 'Windows 10 Pro; OS build 19042.985; Version 2009; 64bit' Language: 'en' Physical Memory: 8059 MB
BatchMode: 1, IsHumanControllingUs: 0, StartBugReporterOnCrash: 0, Is64bit: 1, IsPro: 0

 COMMAND LINE ARGUMENTS:
C:\Program Files\Unity\Hub\Editor\2020.3.4f1\Editor\Unity.exe
-adb2
-batchMode
-noUpm
-name
AssetImportWorker0
-projectPath
C:/Users/pbriu/Documents/Glitch Garden
-logFile
Logs/AssetImportWorker0.log
-srvPort
63138
Successfully changed project path to: C:/Users/pbriu/Documents/Glitch Garden
C:/Users/pbriu/Documents/Glitch Garden
Using Asset Import Pipeline V2.
Refreshing native plugins compatible for Editor in 61.16 ms, found 1 plugins.
Preloading 0 native plugins for Editor in 0.00 ms.
Initialize engine version: 2020.3.4f1 (0abb6314276a)
[Subsystems] Discovering subsystems at path C:/Program Files/Unity/Hub/Editor/2020.3.4f1/Editor/Data/Resources/UnitySubsystems
[Subsystems] Discovering subsystems at path C:/Users/pbriu/Documents/Glitch Garden/Assets
GfxDevice: creating device client; threaded=0
Direct3D:
    Version:  Direct3D 11.0 [level 11.1]
    Renderer: NVIDIA GeForce RTX 2060 (ID=0x1f15)
    Vendor:   
    VRAM:     5980 MB
    Driver:   27.21.14.5256
Initialize mono
Mono path[0] = 'C:/Program Files/Unity/Hub/Editor/2020.3.4f1/Editor/Data/Managed'
Mono path[1] = 'C:/Program Files/Unity/Hub/Editor/2020.3.4f1/Editor/Data/MonoBleedingEdge/lib/mono/unityjit'
Mono config path = 'C:/Program Files/Unity/Hub/Editor/2020.3.4f1/Editor/Data/MonoBleedingEdge/etc'
Using monoOptions --debugger-agent=transport=dt_socket,embedding=1,server=y,suspend=n,address=127.0.0.1:56420
Begin MonoManager ReloadAssembly
Registering precompiled unity dll's ...
Register platform support module: C:/Program Files/Unity/Hub/Editor/2020.3.4f1/Editor/Data/PlaybackEngines/WebGLSupport/UnityEditor.WebGL.Extensions.dll
Register platform support module: C:/Program Files/Unity/Hub/Editor/2020.3.4f1/Editor/Data/PlaybackEngines/WindowsStandaloneSupport/UnityEditor.WindowsStandalone.Extensions.dll
Registered in 0.003539 seconds.
Native extension for WindowsStandalone target not found
Native extension for WebGL target not found
Refreshing native plugins compatible for Editor in 47.76 ms, found 1 plugins.
Preloading 0 native plugins for Editor in 0.00 ms.
Mono: successfully reloaded assembly
- Completed reload, in  2.570 seconds
Platform modules already initialized, skipping
Registering precompiled user dll's ...
Registered in 0.001997 seconds.
Begin MonoManager ReloadAssembly
Native extension for WindowsStandalone target not found
Native extension for WebGL target not found
Refreshing native plugins compatible for Editor in 29.52 ms, found 1 plugins.
Preloading 0 native plugins for Editor in 0.00 ms.
Mono: successfully reloaded assembly
- Completed reload, in  0.809 seconds
Platform modules already initialized, skipping
========================================================================
Worker process is ready to serve import requests
Launched and connected shader compiler UnityShaderCompiler.exe after 0.03 seconds
Refreshing native plugins compatible for Editor in 0.35 ms, found 1 plugins.
Preloading 0 native plugins for Editor in 0.00 ms.
Unloading 1809 Unused Serialized files (Serialized files now loaded: 0)
System memory in use before: 84.9 MB.
System memory in use after: 84.9 MB.

Unloading 24 unused Assets to reduce memory usage. Loaded Objects now: 2252.
Total: 2.320100 ms (FindLiveObjects: 0.263500 ms CreateObjectMapping: 0.089200 ms MarkObjects: 1.849500 ms  DeleteObjects: 0.116800 ms)

========================================================================
Received Import Request.
  path: Assets/Scripts/LevelLoader.cs
  artifactKey: Guid(f0e8486a701aac54d89a2d5b9fd8606d) Importer(815301076,1909f56bfc062723c751e8b465ee728b)
Start importing Assets/Scripts/LevelLoader.cs using Guid(f0e8486a701aac54d89a2d5b9fd8606d) Importer(815301076,1909f56bfc062723c751e8b465ee728b)  -> (artifact id: '79017a3ca2e597efd15d806d77c20b58') in 0.049200 seconds
  Import took 0.053044 seconds .

========================================================================
Received Import Request.
  Time since last request: 1120.612217 seconds.
  path: Assets/8.5 Glitch Garden Assets 2.0.zip/Glitch Garden Assets 2.0/Spritesheets
  artifactKey: Guid(a36ac03dc06ee284b81c094c3749441c) Importer(815301076,1909f56bfc062723c751e8b465ee728b)
Start importing Assets/8.5 Glitch Garden Assets 2.0.zip/Glitch Garden Assets 2.0/Spritesheets using Guid(a36ac03dc06ee284b81c094c3749441c) Importer(815301076,1909f56bfc062723c751e8b465ee728b)  -> (artifact id: 'f2aca2c9939e03ef08d5fba57a3d493c') in 0.017687 seconds
  Import took 0.021709 seconds .

========================================================================
Received Import Request.
  Time since last request: 31.638524 seconds.
  path: Assets/Sprites
  artifactKey: Guid(821cedef6fa6198458fa744d072ce25f) Importer(815301076,1909f56bfc062723c751e8b465ee728b)
Start importing Assets/Sprites using Guid(821cedef6fa6198458fa744d072ce25f) Importer(815301076,1909f56bfc062723c751e8b465ee728b)  -> (artifact id: '95e59cedab0371043ab67f369772f660') in 0.007018 seconds
  Import took 0.009777 seconds .

========================================================================
Received Import Request.
  Time since last request: 0.002970 seconds.
  path: Assets/Sprites
  artifactKey: Guid(821cedef6fa6198458fa744d072ce25f) Importer(815301076,1909f56bfc062723c751e8b465ee728b)
Start importing Assets/Sprites using Guid(821cedef6fa6198458fa744d072ce25f) Importer(815301076,1909f56bfc062723c751e8b465ee728b)  -> (artifact id: '95e59cedab0371043ab67f369772f660') in 0.001803 seconds
  Import took 0.006715 seconds .

========================================================================
Received Import Request.
  Time since last request: 105.042788 seconds.
  path: Assets/Sprites/Lizard Walk.png
  artifactKey: Guid(00f23f77cd1bc4743999aec4e4a3776f) Importer(815301076,1909f56bfc062723c751e8b465ee728b)
Start importing Assets/Sprites/Lizard Walk.png using Guid(00f23f77cd1bc4743999aec4e4a3776f) Importer(815301076,1909f56bfc062723c751e8b465ee728b)  -> (artifact id: '8a291b96f00f30da0ee1a5461c506fca') in 0.069948 seconds
  Import took 0.072521 seconds .

========================================================================
Received Import Request.
  Time since last request: 92.256980 seconds.
  path: Assets/Sprites/Lizard Walk.png
  artifactKey: Guid(00f23f77cd1bc4743999aec4e4a3776f) Importer(815301076,1909f56bfc062723c751e8b465ee728b)
Start importing Assets/Sprites/Lizard Walk.png using Guid(00f23f77cd1bc4743999aec4e4a3776f) Importer(815301076,1909f56bfc062723c751e8b465ee728b)  -> (artifact id: '3c027b7ce1553e65c7ea78b3183c37e0') in 0.084390 seconds
  Import took 0.087362 seconds .

========================================================================
Received Import Request.
  Time since last request: 1297.056527 seconds.
  path: Assets/Animations
  artifactKey: Guid(de46f351d3ae8ed49aad43e57fd1001a) Importer(815301076,1909f56bfc062723c751e8b465ee728b)
Start importing Assets/Animations using Guid(de46f351d3ae8ed49aad43e57fd1001a) Importer(815301076,1909f56bfc062723c751e8b465ee728b)  -> (artifact id: 'bdb3bb46c3e993af59740c48319ed7ea') in 0.008147 seconds
  Import took 0.012599 seconds .

========================================================================
Received Import Request.
  Time since last request: 29.970853 seconds.
  path: Assets/Animations/Lizard.controller
  artifactKey: Guid(546a99d1b5172f948949404108db1e54) Importer(815301076,1909f56bfc062723c751e8b465ee728b)
Start importing Assets/Animations/Lizard.controller using Guid(546a99d1b5172f948949404108db1e54) Importer(815301076,1909f56bfc062723c751e8b465ee728b)  -> (artifact id: '1fa7013b2d7a5ed6c2b9087ae99a1bdd') in 0.012968 seconds
  Import took 0.015679 seconds .

========================================================================
Received Import Request.
  Time since last request: 89.313002 seconds.
  path: Assets/Sprites/Lizard Walk.anim
  artifactKey: Guid(b1bfa2b01336def4faa5ebeda7795c20) Importer(815301076,1909f56bfc062723c751e8b465ee728b)
Start importing Assets/Sprites/Lizard Walk.anim using Guid(b1bfa2b01336def4faa5ebeda7795c20) Importer(815301076,1909f56bfc062723c751e8b465ee728b)  -> (artifact id: 'bb9e7bb7e97053c4183438058015b7f1') in 0.004690 seconds
  Import took 0.007540 seconds .

========================================================================
Received Import Request.
  Time since last request: 0.000276 seconds.
  path: Assets/Sprites/Lizard Walk.anim
  artifactKey: Guid(b1bfa2b01336def4faa5ebeda7795c20) Importer(815301076,1909f56bfc062723c751e8b465ee728b)
Start importing Assets/Sprites/Lizard Walk.anim using Guid(b1bfa2b01336def4faa5ebeda7795c20) Importer(815301076,1909f56bfc062723c751e8b465ee728b)  -> (artifact id: 'bb9e7bb7e97053c4183438058015b7f1') in 0.002289 seconds
  Import took 0.005582 seconds .

========================================================================
Received Prepare
Registering precompiled user dll's ...
Registered in 0.000732 seconds.
Begin MonoManager ReloadAssembly
Native extension for WindowsStandalone target not found
Native extension for WebGL target not found
Refreshing native plugins compatible for Editor in 0.32 ms, found 1 plugins.
Preloading 0 native plugins for Editor in 0.00 ms.
Mono: successfully reloaded assembly
- Completed reload, in  0.735 seconds
Platform modules already initialized, skipping
Refreshing native plugins compatible for Editor in 0.33 ms, found 1 plugins.
Preloading 0 native plugins for Editor in 0.00 ms.
Unloading 1804 Unused Serialized files (Serialized files now loaded: 0)
System memory in use before: 88.0 MB.
System memory in use after: 88.0 MB.

Unloading 12 unused Assets to reduce memory usage. Loaded Objects now: 2285.
Total: 2.010300 ms (FindLiveObjects: 0.194500 ms CreateObjectMapping: 0.064800 ms MarkObjects: 1.645000 ms  DeleteObjects: 0.105200 ms)

========================================================================
Received Prepare
Registering precompiled user dll's ...
Registered in 0.000667 seconds.
Begin MonoManager ReloadAssembly
Native extension for WindowsStandalone target not found
Native extension for WebGL target not found
Refreshing native plugins compatible for Editor in 0.31 ms, found 1 plugins.
Preloading 0 native plugins for Editor in 0.00 ms.
Mono: successfully reloaded assembly
- Completed reload, in  0.677 seconds
Platform modules already initialized, skipping
Refreshing native plugins compatible for Editor in 0.32 ms, found 1 plugins.
Preloading 0 native plugins for Editor in 0.00 ms.
Unloading 1804 Unused Serialized files (Serialized files now loaded: 0)
System memory in use before: 88.0 MB.
System memory in use after: 88.0 MB.

Unloading 12 unused Assets to reduce memory usage. Loaded Objects now: 2289.
Total: 3.582700 ms (FindLiveObjects: 0.748500 ms CreateObjectMapping: 0.278700 ms MarkObjects: 2.441200 ms  DeleteObjects: 0.111600 ms)

========================================================================
Received Import Request.
  Time since last request: 626.359530 seconds.
  path: Assets/Animations/Lizard Walk.anim
  artifactKey: Guid(b1bfa2b01336def4faa5ebeda7795c20) Importer(815301076,1909f56bfc062723c751e8b465ee728b)
Start importing Assets/Animations/Lizard Walk.anim using Guid(b1bfa2b01336def4faa5ebeda7795c20) Importer(815301076,1909f56bfc062723c751e8b465ee728b)  -> (artifact id: 'f3fd8ebde95a1d5446f42e9ea0ae1872') in 0.010573 seconds
  Import took 0.013548 seconds .

========================================================================
Received Prepare
Registering precompiled user dll's ...
Registered in 0.000662 seconds.
Begin MonoManager ReloadAssembly
Native extension for WindowsStandalone target not found
Native extension for WebGL target not found
Refreshing native plugins compatible for Editor in 0.35 ms, found 1 plugins.
Preloading 0 native plugins for Editor in 0.00 ms.
Mono: successfully reloaded assembly
- Completed reload, in  0.695 seconds
Platform modules already initialized, skipping
Refreshing native plugins compatible for Editor in 0.36 ms, found 1 plugins.
Preloading 0 native plugins for Editor in 0.00 ms.
Unloading 1804 Unused Serialized files (Serialized files now loaded: 0)
System memory in use before: 88.0 MB.
System memory in use after: 88.0 MB.

Unloading 12 unused Assets to reduce memory usage. Loaded Objects now: 2293.
Total: 2.707900 ms (FindLiveObjects: 0.238400 ms CreateObjectMapping: 0.160300 ms MarkObjects: 2.103300 ms  DeleteObjects: 0.204600 ms)

========================================================================
Received Prepare
Registering precompiled user dll's ...
Registered in 0.001271 seconds.
Begin MonoManager ReloadAssembly
Native extension for WindowsStandalone target not found
Native extension for WebGL target not found
Refreshing native plugins compatible for Editor in 0.33 ms, found 1 plugins.
Preloading 0 native plugins for Editor in 0.00 ms.
Mono: successfully reloaded assembly
- Completed reload, in  0.635 seconds
Platform modules already initialized, skipping
Refreshing native plugins compatible for Editor in 0.31 ms, found 1 plugins.
Preloading 0 native plugins for Editor in 0.00 ms.
Unloading 1804 Unused Serialized files (Serialized files now loaded: 0)
System memory in use before: 88.1 MB.
System memory in use after: 88.1 MB.

Unloading 12 unused Assets to reduce memory usage. Loaded Objects now: 2297.
Total: 4.811900 ms (FindLiveObjects: 0.415600 ms CreateObjectMapping: 0.204000 ms MarkObjects: 3.951300 ms  DeleteObjects: 0.238800 ms)

========================================================================
Received Import Request.
  Time since last request: 24.629748 seconds.
  path: Assets/Animations/Lizard Walk.anim
  artifactKey: Guid(b1bfa2b01336def4faa5ebeda7795c20) Importer(815301076,1909f56bfc062723c751e8b465ee728b)
Start importing Assets/Animations/Lizard Walk.anim using Guid(b1bfa2b01336def4faa5ebeda7795c20) Importer(815301076,1909f56bfc062723c751e8b465ee728b)  -> (artifact id: 'e13a6df1728f897dab42abf41fb158d3') in 0.010026 seconds
  Import took 0.014918 seconds .

========================================================================
Received Import Request.
  Time since last request: 68.790950 seconds.
  path: Assets/Animations/Lizard.controller
  artifactKey: Guid(546a99d1b5172f948949404108db1e54) Importer(815301076,1909f56bfc062723c751e8b465ee728b)
Start importing Assets/Animations/Lizard.controller using Guid(546a99d1b5172f948949404108db1e54) Importer(815301076,1909f56bfc062723c751e8b465ee728b)  -> (artifact id: 'ea55c7286420b653a28cddfc69deb6ec') in 0.013430 seconds
  Import took 0.016346 seconds .

========================================================================
Received Import Request.
  Time since last request: 6340.022015 seconds.
  path: Assets/Sprites/Lizard Jump.png
  artifactKey: Guid(526a9d8d4f70f9045aa9bd234634988b) Importer(815301076,1909f56bfc062723c751e8b465ee728b)
Start importing Assets/Sprites/Lizard Jump.png using Guid(526a9d8d4f70f9045aa9bd234634988b) Importer(815301076,1909f56bfc062723c751e8b465ee728b)  -> (artifact id: '4f1dcb309d26423922bbadfcd9beda0c') in 0.091080 seconds
  Import took 0.096130 seconds .

========================================================================
Received Import Request.
  Time since last request: 165.134569 seconds.
  path: Assets/Sprites/Lizard
  artifactKey: Guid(4ac776f2278ce96409522f1b1ac9b1e3) Importer(815301076,1909f56bfc062723c751e8b465ee728b)
Start importing Assets/Sprites/Lizard using Guid(4ac776f2278ce96409522f1b1ac9b1e3) Importer(815301076,1909f56bfc062723c751e8b465ee728b)  -> (artifact id: 'cc80a3f7fb6efcfcfb2c563178290e41') in 0.003125 seconds
  Import took 0.006191 seconds .

========================================================================
Received Import Request.
  Time since last request: 0.003444 seconds.
  path: Assets/Sprites/Lizard
  artifactKey: Guid(4ac776f2278ce96409522f1b1ac9b1e3) Importer(815301076,1909f56bfc062723c751e8b465ee728b)
Start importing Assets/Sprites/Lizard using Guid(4ac776f2278ce96409522f1b1ac9b1e3) Importer(815301076,1909f56bfc062723c751e8b465ee728b)  -> (artifact id: 'cc80a3f7fb6efcfcfb2c563178290e41') in 0.002416 seconds
  Import took 0.006187 seconds .

========================================================================
Received Import Request.
  Time since last request: 23.283254 seconds.
  path: Assets/Sprites/Not In Use
  artifactKey: Guid(fcf8f12d062f6d542a964deb784a3a69) Importer(815301076,1909f56bfc062723c751e8b465ee728b)
Start importing Assets/Sprites/Not In Use using Guid(fcf8f12d062f6d542a964deb784a3a69) Importer(815301076,1909f56bfc062723c751e8b465ee728b)  -> (artifact id: '81c7509ca12f4f7b5ab74783c91c3b6a') in 0.012049 seconds
  Import took 0.014920 seconds .

========================================================================
Received Import Request.
  Time since last request: 189.339493 seconds.
  path: Assets/Sprites/Lizard/Lizard Jump.png
  artifactKey: Guid(526a9d8d4f70f9045aa9bd234634988b) Importer(815301076,1909f56bfc062723c751e8b465ee728b)
Start importing Assets/Sprites/Lizard/Lizard Jump.png using Guid(526a9d8d4f70f9045aa9bd234634988b) Importer(815301076,1909f56bfc062723c751e8b465ee728b)  -> (artifact id: '86c536d2938857e272e0a66774118c7a') in 0.168768 seconds
  Import took 0.174501 seconds .

========================================================================
Received Import Request.
  Time since last request: 35.551875 seconds.
  path: Assets/Sprites/Lizard/Lizard Jump.anim
  artifactKey: Guid(73f5d23b516daba4e8215efd715a3571) Importer(815301076,1909f56bfc062723c751e8b465ee728b)
Start importing Assets/Sprites/Lizard/Lizard Jump.anim using Guid(73f5d23b516daba4e8215efd715a3571) Importer(815301076,1909f56bfc062723c751e8b465ee728b)  -> (artifact id: '4847bb5ccf13eec4f786c9d31bfd3271') in 0.003505 seconds
  Import took 0.006928 seconds .

========================================================================
Received Prepare
Registering precompiled user dll's ...
Registered in 0.000660 seconds.
Begin MonoManager ReloadAssembly
Native extension for WindowsStandalone target not found
Native extension for WebGL target not found
Refreshing native plugins compatible for Editor in 0.62 ms, found 1 plugins.
Preloading 0 native plugins for Editor in 0.00 ms.
Mono: successfully reloaded assembly
- Completed reload, in  0.679 seconds
Platform modules already initialized, skipping
Refreshing native plugins compatible for Editor in 0.32 ms, found 1 plugins.
Preloading 0 native plugins for Editor in 0.00 ms.
Unloading 1804 Unused Serialized files (Serialized files now loaded: 0)
System memory in use before: 88.1 MB.
System memory in use after: 88.1 MB.

Unloading 12 unused Assets to reduce memory usage. Loaded Objects now: 2305.
Total: 2.055100 ms (FindLiveObjects: 0.243600 ms CreateObjectMapping: 0.102300 ms MarkObjects: 1.574400 ms  DeleteObjects: 0.134100 ms)

========================================================================
Received Prepare
Registering precompiled user dll's ...
Registered in 0.000748 seconds.
Begin MonoManager ReloadAssembly
Native extension for WindowsStandalone target not found
Native extension for WebGL target not found
Refreshing native plugins compatible for Editor in 1.01 ms, found 1 plugins.
Preloading 0 native plugins for Editor in 0.00 ms.
Mono: successfully reloaded assembly
- Completed reload, in  0.903 seconds
Platform modules already initialized, skipping
Refreshing native plugins compatible for Editor in 0.84 ms, found 1 plugins.
Preloading 0 native plugins for Editor in 0.00 ms.
Unloading 1804 Unused Serialized files (Serialized files now loaded: 0)
System memory in use before: 88.1 MB.
System memory in use after: 88.1 MB.

Unloading 12 unused Assets to reduce memory usage. Loaded Objects now: 2309.
Total: 2.504800 ms (FindLiveObjects: 0.256200 ms CreateObjectMapping: 0.076000 ms MarkObjects: 2.035000 ms  DeleteObjects: 0.135800 ms)

========================================================================
Received Import Request.
  Time since last request: 637.881446 seconds.
  path: Assets/Sprites/Lizard/Lizard Walk.png
  artifactKey: Guid(00f23f77cd1bc4743999aec4e4a3776f) Importer(815301076,1909f56bfc062723c751e8b465ee728b)
Start importing Assets/Sprites/Lizard/Lizard Walk.png using Guid(00f23f77cd1bc4743999aec4e4a3776f) Importer(815301076,1909f56bfc062723c751e8b465ee728b)  -> (artifact id: '7a7b5adbee6bd76647c3655f417f6bf1') in 0.102359 seconds
  Import took 0.107273 seconds .

========================================================================
Received Prepare
Registering precompiled user dll's ...
Registered in 0.001343 seconds.
Begin MonoManager ReloadAssembly
Native extension for WindowsStandalone target not found
Native extension for WebGL target not found
Refreshing native plugins compatible for Editor in 0.31 ms, found 1 plugins.
Preloading 0 native plugins for Editor in 0.00 ms.
Mono: successfully reloaded assembly
- Completed reload, in  0.638 seconds
Platform modules already initialized, skipping
Refreshing native plugins compatible for Editor in 0.32 ms, found 1 plugins.
Preloading 0 native plugins for Editor in 0.00 ms.
Unloading 1804 Unused Serialized files (Serialized files now loaded: 0)
System memory in use before: 88.1 MB.
System memory in use after: 88.1 MB.

Unloading 12 unused Assets to reduce memory usage. Loaded Objects now: 2314.
Total: 5.314800 ms (FindLiveObjects: 0.409000 ms CreateObjectMapping: 0.212900 ms MarkObjects: 4.431700 ms  DeleteObjects: 0.258800 ms)

========================================================================
Received Prepare
Registering precompiled user dll's ...
Registered in 0.000843 seconds.
Begin MonoManager ReloadAssembly
Native extension for WindowsStandalone target not found
Native extension for WebGL target not found
Refreshing native plugins compatible for Editor in 0.30 ms, found 1 plugins.
Preloading 0 native plugins for Editor in 0.00 ms.
Mono: successfully reloaded assembly
- Completed reload, in  0.664 seconds
Platform modules already initialized, skipping
Refreshing native plugins compatible for Editor in 0.37 ms, found 1 plugins.
Preloading 0 native plugins for Editor in 0.00 ms.
Unloading 1804 Unused Serialized files (Serialized files now loaded: 0)
System memory in use before: 88.2 MB.
System memory in use after: 88.1 MB.

Unloading 12 unused Assets to reduce memory usage. Loaded Objects now: 2318.
Total: 2.197200 ms (FindLiveObjects: 0.290800 ms CreateObjectMapping: 0.147700 ms MarkObjects: 1.653400 ms  DeleteObjects: 0.104200 ms)

========================================================================
Received Import Request.
  Time since last request: 98.140105 seconds.
  path: Assets/Animations/Lizard Jump.anim
  artifactKey: Guid(73f5d23b516daba4e8215efd715a3571) Importer(815301076,1909f56bfc062723c751e8b465ee728b)
Start importing Assets/Animations/Lizard Jump.anim using Guid(73f5d23b516daba4e8215efd715a3571) Importer(815301076,1909f56bfc062723c751e8b465ee728b)  -> (artifact id: 'e862f8f57e82b6a2cd2622ed1a95cd0d') in 0.010065 seconds
  Import took 0.012715 seconds .

========================================================================
Received Import Request.
  Time since last request: 711.157379 seconds.
  path: Assets/Sprites/trophy
  artifactKey: Guid(a7a343d96835bc34fad5c36e955ca60f) Importer(815301076,1909f56bfc062723c751e8b465ee728b)
Start importing Assets/Sprites/trophy using Guid(a7a343d96835bc34fad5c36e955ca60f) Importer(815301076,1909f56bfc062723c751e8b465ee728b)  -> (artifact id: '11f7d660b30ed6035dc1a24df4eb49ba') in 0.009989 seconds
  Import took 0.013816 seconds .

========================================================================
Received Import Request.
  Time since last request: 12.677545 seconds.
  path: Assets/Sprites/Trophy
  artifactKey: Guid(a7a343d96835bc34fad5c36e955ca60f) Importer(815301076,1909f56bfc062723c751e8b465ee728b)
Start importing Assets/Sprites/Trophy using Guid(a7a343d96835bc34fad5c36e955ca60f) Importer(815301076,1909f56bfc062723c751e8b465ee728b)  -> (artifact id: '6f965de3ecdc67cace2828d5c0b14396') in 0.008061 seconds
  Import took 0.011047 seconds .

========================================================================
Received Import Request.
  Time since last request: 33.987121 seconds.
  path: Assets/Sprites/Trophy/trophy cut.png
  artifactKey: Guid(6cc347ff230d3424ca72b18f8c5898a6) Importer(815301076,1909f56bfc062723c751e8b465ee728b)
Start importing Assets/Sprites/Trophy/trophy cut.png using Guid(6cc347ff230d3424ca72b18f8c5898a6) Importer(815301076,1909f56bfc062723c751e8b465ee728b)  -> (artifact id: '153c0e5f2f4c83bc6a2c4f307b28225c') in 0.033617 seconds
  Import took 0.036778 seconds .

========================================================================
Received Import Request.
  Time since last request: 92.279556 seconds.
  path: Assets/Sprites/Trophy/trophy cut.png
  artifactKey: Guid(6cc347ff230d3424ca72b18f8c5898a6) Importer(815301076,1909f56bfc062723c751e8b465ee728b)
Start importing Assets/Sprites/Trophy/trophy cut.png using Guid(6cc347ff230d3424ca72b18f8c5898a6) Importer(815301076,1909f56bfc062723c751e8b465ee728b)  -> (artifact id: '1505a5865b2dde62685999a4396afc20') in 0.058530 seconds
  Import took 0.062895 seconds .

========================================================================
Received Import Request.
  Time since last request: 16.863915 seconds.
  path: Assets/Sprites/Trophy/trophy cut.png
  artifactKey: Guid(6cc347ff230d3424ca72b18f8c5898a6) Importer(815301076,1909f56bfc062723c751e8b465ee728b)
Start importing Assets/Sprites/Trophy/trophy cut.png using Guid(6cc347ff230d3424ca72b18f8c5898a6) Importer(815301076,1909f56bfc062723c751e8b465ee728b)  -> (artifact id: '8d006e581a715eec14e46ee1654236a1') in 0.026479 seconds
  Import took 0.029896 seconds .

========================================================================
Received Import Request.
  Time since last request: 212.890404 seconds.
  path: Assets/Animations/Trophy.controller
  artifactKey: Guid(84decac3ff17f3544a6c61da96a2e0ae) Importer(815301076,1909f56bfc062723c751e8b465ee728b)
Start importing Assets/Animations/Trophy.controller using Guid(84decac3ff17f3544a6c61da96a2e0ae) Importer(815301076,1909f56bfc062723c751e8b465ee728b)  -> (artifact id: '1c2bc700ea1989dd246f535ff68c71dd') in 0.003148 seconds
  Import took 0.005863 seconds .

========================================================================
Received Import Request.
  Time since last request: 102.203399 seconds.
  path: Assets/Sprites/Trophy/trophy cut.png
  artifactKey: Guid(6cc347ff230d3424ca72b18f8c5898a6) Importer(815301076,1909f56bfc062723c751e8b465ee728b)
Start importing Assets/Sprites/Trophy/trophy cut.png using Guid(6cc347ff230d3424ca72b18f8c5898a6) Importer(815301076,1909f56bfc062723c751e8b465ee728b)  -> (artifact id: '057871bece02ce984c51944af0607bbf') in 0.025561 seconds
  Import took 0.028349 seconds .

========================================================================
Received Import Request.
  Time since last request: 20.039677 seconds.
  path: Assets/Sprites/Trophy/trophy cut.png
  artifactKey: Guid(6cc347ff230d3424ca72b18f8c5898a6) Importer(815301076,1909f56bfc062723c751e8b465ee728b)
Start importing Assets/Sprites/Trophy/trophy cut.png using Guid(6cc347ff230d3424ca72b18f8c5898a6) Importer(815301076,1909f56bfc062723c751e8b465ee728b)  -> (artifact id: '4a708b7c36918b3be400139583aae90f') in 0.012536 seconds
  Import took 0.016175 seconds .

AssetImportWorkerClient::OnTransportError - code=2 error=End of file
